[23:56:38] [Server thread/INFO]: Starting minecraft server version 1.8.8
[23:56:38] [Server thread/INFO]: Loading properties
[23:56:38] [Server thread/INFO]: Default game type: SURVIVAL
[23:56:39] [Server thread/INFO]: This server is running CraftBukkit version git-PaperSpigot-445 (MC: 1.8.8) (Implementing API version 1.8.8-R0.1-SNAPSHOT)
[23:56:39] [Server thread/INFO]: Debug logging is disabled
[23:56:39] [Server thread/INFO]: Spigot Timings: true - Verbose: true - Interval: 5m - Length: 60m
[23:56:39] [Server thread/INFO]: Server Ping Player Sample Count: 12

[23:56:39] [Server thread/INFO]: Using 4 threads for Netty based IO
[23:56:39] [Server thread/INFO]: Data value allowed items: 
[23:56:39] [Server thread/WARN]: java.lang.NoSuchFieldException: modifiers

[23:56:39] [Server thread/WARN]: 	at java.base/java.lang.Class.getDeclaredField(Class.java:2782)

[23:56:39] [Server thread/WARN]: 	at org.github.paperspigot.PaperSpigotConfig.stackableBuckets(PaperSpigotConfig.java:192)

[23:56:39] [Server thread/WARN]: 	at java.base/jdk.internal.reflect.DirectMethodHandleAccessor.invoke(DirectMethodHandleAccessor.java:103)

[23:56:39] [Server thread/WARN]: 	at java.base/java.lang.reflect.Method.invoke(Method.java:580)

[23:56:39] [Server thread/WARN]: 	at org.github.paperspigot.PaperSpigotConfig.readConfig(PaperSpigotConfig.java:84)

[23:56:39] [Server thread/WARN]: 	at org.github.paperspigot.PaperSpigotConfig.init(PaperSpigotConfig.java:62)

[23:56:39] [Server thread/WARN]: 	at net.minecraft.server.v1_8_R3.DedicatedServer.init(DedicatedServer.java:181)

[23:56:39] [Server thread/WARN]: 	at net.minecraft.server.v1_8_R3.MinecraftServer.run(MinecraftServer.java:563)

[23:56:39] [Server thread/WARN]: 	at java.base/java.lang.Thread.run(Thread.java:1583)

[23:56:39] [Server thread/INFO]: Generating keypair
[23:56:39] [Server thread/INFO]: Starting Minecraft server on localhost:25565
[23:56:39] [Server thread/INFO]: Your platform does not provide complete low-level API for accessing direct buffers reliably. Unless explicitly requested, heap buffer will always be preferred to avoid potential system unstability.
[23:56:39] [Server thread/INFO]: Using default channel type
[23:56:39] [Server thread/INFO]: Set PluginClassLoader as parallel capable
[23:56:39] [Server thread/INFO]: [LoginSecurity] Loading LoginSecurity v3.2.0
[23:56:39] [Server thread/WARN]: **** SERVER IS RUNNING IN OFFLINE/INSECURE MODE!
[23:56:39] [Server thread/WARN]: The server will make no attempt to authenticate usernames. Beware.
[23:56:39] [Server thread/WARN]: While this makes the game possible to play without internet access, it also opens up the ability for hackers to connect with any username they choose.
[23:56:39] [Server thread/WARN]: To change this, set "online-mode" to "true" in the server.properties file.
[23:56:39] [Server thread/INFO]: **** Beginning UUID conversion, this may take A LONG time ****
[23:56:39] [Server thread/INFO]: Preparing level "world"
[23:56:39] [Server thread/INFO]: -------- World Settings For [world] --------
[23:56:39] [Server thread/INFO]: Mob Spawn Range: 4
[23:56:39] [Server thread/INFO]: Anti X-Ray: true
[23:56:39] [Server thread/INFO]: 	Engine Mode: 1
[23:56:39] [Server thread/INFO]: 	Hidden Blocks: [14, 15, 16, 21, 48, 49, 54, 56, 73, 74, 82, 129, 130]
[23:56:39] [Server thread/INFO]: 	Replace Blocks: [1, 5]
[23:56:39] [Server thread/INFO]: Nerfing mobs spawned from spawners: false
[23:56:39] [Server thread/INFO]: Cactus Growth Modifier: 100%
[23:56:39] [Server thread/INFO]: Cane Growth Modifier: 100%
[23:56:39] [Server thread/INFO]: Melon Growth Modifier: 100%
[23:56:39] [Server thread/INFO]: Mushroom Growth Modifier: 100%
[23:56:39] [Server thread/INFO]: Pumpkin Growth Modifier: 100%
[23:56:39] [Server thread/INFO]: Sapling Growth Modifier: 100%
[23:56:39] [Server thread/INFO]: Wheat Growth Modifier: 100%
[23:56:39] [Server thread/INFO]: NetherWart Growth Modifier: 100%
[23:56:39] [Server thread/INFO]: Entity Activation Range: An 32 / Mo 32 / Mi 16
[23:56:39] [Server thread/INFO]: Entity Tracking Range: Pl 48 / An 48 / Mo 48 / Mi 32 / Other 64
[23:56:39] [Server thread/INFO]: Hopper Transfer: 8 Hopper Check: 8 Hopper Amount: 1
[23:56:39] [Server thread/INFO]: Random Lighting Updates: false
[23:56:39] [Server thread/INFO]: Structure Info Saving: true
[23:56:39] [Server thread/INFO]: Sending up to 10 chunks per packet
[23:56:39] [Server thread/INFO]: Max Entity Collisions: 8
[23:56:39] [Server thread/INFO]: Custom Map Seeds:  Village: 10387312 Feature: 14357617
[23:56:39] [Server thread/INFO]: Max TNT Explosions: 100
[23:56:39] [Server thread/INFO]: Tile Max Tick Time: 50ms Entity max Tick Time: 50ms
[23:56:39] [Server thread/INFO]: Item Despawn Rate: 6000
[23:56:39] [Server thread/INFO]: Item Merge Radius: 2.5
[23:56:39] [Server thread/INFO]: Arrow Despawn Rate: 1200
[23:56:39] [Server thread/INFO]: Allow Zombie Pigmen to spawn from portal blocks: true
[23:56:39] [Server thread/INFO]: View Distance: 4
[23:56:39] [Server thread/INFO]: Zombie Aggressive Towards Villager: true
[23:56:39] [Server thread/INFO]: Chunks to Grow per Tick: 650
[23:56:39] [Server thread/INFO]: Clear tick list: false
[23:56:39] [Server thread/INFO]: Experience Merge Radius: 3.0
[23:56:39] [Server thread/INFO]: -------- World Settings For [world] --------
[23:56:39] [Server thread/INFO]: Squids will spawn between Y: 45.0 and Y: 63.0
[23:56:39] [Server thread/INFO]: Max height for cactus growth 3. Max height for reed growth 3
[23:56:39] [Server thread/INFO]: Living Entity Despawn Ranges:  Soft: 32 Hard: 128
[23:56:39] [Server thread/INFO]: Player blocking damage multiplier set to 0.5
[23:56:39] [Server thread/INFO]: Remove invalid mob spawner tile entities: true
[23:56:39] [Server thread/INFO]: Water over lava flow speed: 5
[23:56:39] [Server thread/INFO]: Fix TNT cannons: false
[23:56:39] [Server thread/INFO]: Allow undead horse types to be leashed: false
[23:56:39] [Server thread/INFO]: Keep spawn chunk loaded: true
[23:56:39] [Server thread/INFO]: World async lighting: false
[23:56:39] [Server thread/INFO]: WorldServer TickNextTick cap set at 10000
[23:56:39] [Server thread/INFO]: WorldServer TickNextTickList cap always processes redstone: false
[23:56:39] [Server thread/INFO]: -------- World Settings For [world_nether] --------
[23:56:39] [Server thread/INFO]: Mob Spawn Range: 4
[23:56:39] [Server thread/INFO]: Anti X-Ray: true
[23:56:39] [Server thread/INFO]: 	Engine Mode: 1
[23:56:39] [Server thread/INFO]: 	Hidden Blocks: [14, 15, 16, 21, 48, 49, 54, 56, 73, 74, 82, 129, 130]
[23:56:39] [Server thread/INFO]: 	Replace Blocks: [1, 5]
[23:56:39] [Server thread/INFO]: Nerfing mobs spawned from spawners: false
[23:56:39] [Server thread/INFO]: Cactus Growth Modifier: 100%
[23:56:39] [Server thread/INFO]: Cane Growth Modifier: 100%
[23:56:39] [Server thread/INFO]: Melon Growth Modifier: 100%
[23:56:39] [Server thread/INFO]: Mushroom Growth Modifier: 100%
[23:56:39] [Server thread/INFO]: Pumpkin Growth Modifier: 100%
[23:56:39] [Server thread/INFO]: Sapling Growth Modifier: 100%
[23:56:39] [Server thread/INFO]: Wheat Growth Modifier: 100%
[23:56:39] [Server thread/INFO]: NetherWart Growth Modifier: 100%
[23:56:39] [Server thread/INFO]: Entity Activation Range: An 32 / Mo 32 / Mi 16
[23:56:39] [Server thread/INFO]: Entity Tracking Range: Pl 48 / An 48 / Mo 48 / Mi 32 / Other 64
[23:56:39] [Server thread/INFO]: Hopper Transfer: 8 Hopper Check: 8 Hopper Amount: 1
[23:56:39] [Server thread/INFO]: Random Lighting Updates: false
[23:56:39] [Server thread/INFO]: Structure Info Saving: true
[23:56:39] [Server thread/INFO]: Sending up to 10 chunks per packet
[23:56:39] [Server thread/INFO]: Max Entity Collisions: 8
[23:56:39] [Server thread/INFO]: Custom Map Seeds:  Village: 10387312 Feature: 14357617
[23:56:39] [Server thread/INFO]: Max TNT Explosions: 100
[23:56:39] [Server thread/INFO]: Tile Max Tick Time: 50ms Entity max Tick Time: 50ms
[23:56:39] [Server thread/INFO]: Item Despawn Rate: 6000
[23:56:39] [Server thread/INFO]: Item Merge Radius: 2.5
[23:56:39] [Server thread/INFO]: Arrow Despawn Rate: 1200
[23:56:39] [Server thread/INFO]: Allow Zombie Pigmen to spawn from portal blocks: true
[23:56:39] [Server thread/INFO]: View Distance: 4
[23:56:39] [Server thread/INFO]: Zombie Aggressive Towards Villager: true
[23:56:39] [Server thread/INFO]: Chunks to Grow per Tick: 650
[23:56:39] [Server thread/INFO]: Clear tick list: false
[23:56:39] [Server thread/INFO]: Experience Merge Radius: 3.0
[23:56:39] [Server thread/INFO]: -------- World Settings For [world_nether] --------
[23:56:39] [Server thread/INFO]: Squids will spawn between Y: 45.0 and Y: 63.0
[23:56:39] [Server thread/INFO]: Max height for cactus growth 3. Max height for reed growth 3
[23:56:39] [Server thread/INFO]: Living Entity Despawn Ranges:  Soft: 32 Hard: 128
[23:56:39] [Server thread/INFO]: Player blocking damage multiplier set to 0.5
[23:56:39] [Server thread/INFO]: Remove invalid mob spawner tile entities: true
[23:56:39] [Server thread/INFO]: Water over lava flow speed: 5
[23:56:39] [Server thread/INFO]: Fix TNT cannons: false
[23:56:39] [Server thread/INFO]: Allow undead horse types to be leashed: false
[23:56:39] [Server thread/INFO]: Keep spawn chunk loaded: true
[23:56:39] [Server thread/INFO]: World async lighting: false
[23:56:39] [Server thread/INFO]: WorldServer TickNextTick cap set at 10000
[23:56:39] [Server thread/INFO]: WorldServer TickNextTickList cap always processes redstone: false
[23:56:39] [Server thread/INFO]: -------- World Settings For [world_the_end] --------
[23:56:39] [Server thread/INFO]: Mob Spawn Range: 4
[23:56:39] [Server thread/INFO]: Anti X-Ray: true
[23:56:39] [Server thread/INFO]: 	Engine Mode: 1
[23:56:39] [Server thread/INFO]: 	Hidden Blocks: [14, 15, 16, 21, 48, 49, 54, 56, 73, 74, 82, 129, 130]
[23:56:39] [Server thread/INFO]: 	Replace Blocks: [1, 5]
[23:56:39] [Server thread/INFO]: Nerfing mobs spawned from spawners: false
[23:56:39] [Server thread/INFO]: Cactus Growth Modifier: 100%
[23:56:39] [Server thread/INFO]: Cane Growth Modifier: 100%
[23:56:39] [Server thread/INFO]: Melon Growth Modifier: 100%
[23:56:39] [Server thread/INFO]: Mushroom Growth Modifier: 100%
[23:56:39] [Server thread/INFO]: Pumpkin Growth Modifier: 100%
[23:56:39] [Server thread/INFO]: Sapling Growth Modifier: 100%
[23:56:39] [Server thread/INFO]: Wheat Growth Modifier: 100%
[23:56:39] [Server thread/INFO]: NetherWart Growth Modifier: 100%
[23:56:39] [Server thread/INFO]: Entity Activation Range: An 32 / Mo 32 / Mi 16
[23:56:39] [Server thread/INFO]: Entity Tracking Range: Pl 48 / An 48 / Mo 48 / Mi 32 / Other 64
[23:56:39] [Server thread/INFO]: Hopper Transfer: 8 Hopper Check: 8 Hopper Amount: 1
[23:56:39] [Server thread/INFO]: Random Lighting Updates: false
[23:56:39] [Server thread/INFO]: Structure Info Saving: true
[23:56:39] [Server thread/INFO]: Sending up to 10 chunks per packet
[23:56:39] [Server thread/INFO]: Max Entity Collisions: 8
[23:56:39] [Server thread/INFO]: Custom Map Seeds:  Village: 10387312 Feature: 14357617
[23:56:39] [Server thread/INFO]: Max TNT Explosions: 100
[23:56:39] [Server thread/INFO]: Tile Max Tick Time: 50ms Entity max Tick Time: 50ms
[23:56:39] [Server thread/INFO]: Item Despawn Rate: 6000
[23:56:39] [Server thread/INFO]: Item Merge Radius: 2.5
[23:56:39] [Server thread/INFO]: Arrow Despawn Rate: 1200
[23:56:39] [Server thread/INFO]: Allow Zombie Pigmen to spawn from portal blocks: true
[23:56:39] [Server thread/INFO]: View Distance: 4
[23:56:39] [Server thread/INFO]: Zombie Aggressive Towards Villager: true
[23:56:39] [Server thread/INFO]: Chunks to Grow per Tick: 650
[23:56:39] [Server thread/INFO]: Clear tick list: false
[23:56:39] [Server thread/INFO]: Experience Merge Radius: 3.0
[23:56:39] [Server thread/INFO]: -------- World Settings For [world_the_end] --------
[23:56:39] [Server thread/INFO]: Squids will spawn between Y: 45.0 and Y: 63.0
[23:56:39] [Server thread/INFO]: Max height for cactus growth 3. Max height for reed growth 3
[23:56:39] [Server thread/INFO]: Living Entity Despawn Ranges:  Soft: 32 Hard: 128
[23:56:39] [Server thread/INFO]: Player blocking damage multiplier set to 0.5
[23:56:39] [Server thread/INFO]: Remove invalid mob spawner tile entities: true
[23:56:39] [Server thread/INFO]: Water over lava flow speed: 5
[23:56:39] [Server thread/INFO]: Fix TNT cannons: false
[23:56:39] [Server thread/INFO]: Allow undead horse types to be leashed: false
[23:56:39] [Server thread/INFO]: Keep spawn chunk loaded: true
[23:56:39] [Server thread/INFO]: World async lighting: false
[23:56:39] [Server thread/INFO]: WorldServer TickNextTick cap set at 10000
[23:56:39] [Server thread/INFO]: WorldServer TickNextTickList cap always processes redstone: false
[23:56:39] [Server thread/INFO]: Preparing start region for level 0 (Seed: -1339442941311876267)
[23:56:40] [Server thread/INFO]: Preparing start region for level 1 (Seed: -1339442941311876267)
[23:56:40] [Server thread/INFO]: Preparing start region for level 2 (Seed: -1339442941311876267)
[23:56:41] [Server thread/INFO]: [LoginSecurity] Enabling LoginSecurity v3.2.0
[23:56:41] [Server thread/INFO]: [LoginSecurity] Loading base translations from "en_us"
[23:56:41] [Server thread/INFO]: [LoginSecurity] Loading specified translations from "en_us"
[23:56:41] [Server thread/INFO]: [LoginSecurity] Registering commands...
[23:56:41] [Server thread/INFO]: [LoginSecurity] Registering listeners...
[23:56:41] [Server thread/INFO]: Server permissions file permissions.yml is empty, ignoring it
[23:56:41] [Server thread/INFO]: Done (1.816s)! For help, type "help" or "?"
[23:56:41] [Server thread/INFO]: Timings Reset
[23:56:49] [Server thread/INFO]: [Server] test
[23:58:20] [Thread-4/INFO]: UUID of player Arch is a57ba74f-13b7-33af-ad25-84b3d423f8ac
[23:58:20] [Server thread/INFO]: Arch[/127.0.0.1:44654] logged in with entity id 278 at ([world]225.5, 70.0, 242.5)
[23:58:32] [Server thread/INFO]: [Server] sigma?
[23:58:36] [Server thread/INFO]: Opped Arch
[23:58:38] [Async Chat Thread - #0/INFO]: <Arch> bruh

[23:58:40] [Server thread/INFO]: Arch issued server command: /gamemode creative
[23:58:40] [Server thread/INFO]: [Arch: Set own game mode to Creative Mode]
[23:58:45] [Thread-1/INFO]: Stopping server
